Android_App/ESMERIL/build/outputs/logs/manifest-merger-debug-report.txt
-- Merging decision tree log ---
manifest
ADDED from myApps/ESMERIL/AndroidManifest.xml:2:1-36:12
INJECTED from myApps/ESMERIL/AndroidManifest.xml:2:1-36:12
INJECTED from myApps/ESMERIL/AndroidManifest.xml:2:1-36:12
MERGED from [:ofAndroidLib] AndroidManifest.xml:2:1-11:12
INJECTED from myApps/ESMERIL/AndroidManifest.xml:2:1-36:12
INJECTED from myApps/ESMERIL/AndroidManifest.xml:2:1-36:12
	package
		ADDED from myApps/ESMERIL/AndroidManifest.xml:3:5-37
	android:versionName
		ADDED from myApps/ESMERIL/AndroidManifest.xml:5:5-30
		INJECTED from myApps/ESMERIL/AndroidManifest.xml
		INJECTED from myApps/ESMERIL/AndroidManifest.xml
	xmlns:android
		ADDED from myApps/ESMERIL/AndroidManifest.xml:2:11-69
	android:versionCode
		ADDED from myApps/ESMERIL/AndroidManifest.xml:4:5-28
		INJECTED from myApps/ESMERIL/AndroidManifest.xml
		INJECTED from myApps/ESMERIL/AndroidManifest.xml
	android:installLocation
		ADDED from myApps/ESMERIL/AndroidManifest.xml:6:5-45
uses-sdk
ADDED from myApps/ESMERIL/AndroidManifest.xml:8:5-10:41
INJECTED from myApps/ESMERIL/AndroidManifest.xml:8:5-10:41
INJECTED from myApps/ESMERIL/AndroidManifest.xml:8:5-10:41
MERGED from [:ofAndroidLib] AndroidManifest.xml:7:5-9:41
MERGED from [:ofAndroidLib] AndroidManifest.xml:7:5-9:41
INJECTED from myApps/ESMERIL/AndroidManifest.xml:8:5-10:41
INJECTED from myApps/ESMERIL/AndroidManifest.xml:8:5-10:41
	android:targetSdkVersion
		ADDED from myApps/ESMERIL/AndroidManifest.xml:10:9-38
		INJECTED from myApps/ESMERIL/AndroidManifest.xml
		INJECTED from myApps/ESMERIL/AndroidManifest.xml
	android:minSdkVersion
		ADDED from myApps/ESMERIL/AndroidManifest.xml:9:9-35
		INJECTED from myApps/ESMERIL/AndroidManifest.xml
		INJECTED from myApps/ESMERIL/AndroidManifest.xml
uses-permission#android.permission.WRITE_EXTERNAL_STORAGE
ADDED from myApps/ESMERIL/AndroidManifest.xml:12:5-81
	android:name
		ADDED from myApps/ESMERIL/AndroidManifest.xml:12:22-78
uses-permission#android.permission.RECORD_AUDIO
ADDED from myApps/ESMERIL/AndroidManifest.xml:13:5-71
	android:name
		ADDED from myApps/ESMERIL/AndroidManifest.xml:13:22-68
uses-permission#android.permission.INTERNET
ADDED from myApps/ESMERIL/AndroidManifest.xml:14:5-67
	android:name
		ADDED from myApps/ESMERIL/AndroidManifest.xml:14:22-64
application
ADDED from myApps/ESMERIL/AndroidManifest.xml:16:5-34:19
	android:label
		ADDED from myApps/ESMERIL/AndroidManifest.xml:20:9-41
	android:largeHeap
		ADDED from myApps/ESMERIL/AndroidManifest.xml:17:9-33
	android:icon
		ADDED from myApps/ESMERIL/AndroidManifest.xml:19:9-45
	android:allowBackup
		ADDED from myApps/ESMERIL/AndroidManifest.xml:18:9-35
	android:theme
		ADDED from myApps/ESMERIL/AndroidManifest.xml:21:9-40
activity#com.brunorohde.ESMERIL.OFActivity
ADDED from myApps/ESMERIL/AndroidManifest.xml:22:9-33:20
	android:screenOrientation
		ADDED from myApps/ESMERIL/AndroidManifest.xml:25:13-50
	android:label
		ADDED from myApps/ESMERIL/AndroidManifest.xml:24:13-45
	android:configChanges
		ADDED from myApps/ESMERIL/AndroidManifest.xml:26:13-59
	android:theme
		ADDED from myApps/ESMERIL/AndroidManifest.xml:27:13-71
	android:name
		ADDED from myApps/ESMERIL/AndroidManifest.xml:23:13-39
intent-filter#action:name:android.intent.action.MAIN+category:name:android.intent.category.LAUNCHER
ADDED from myApps/ESMERIL/AndroidManifest.xml:28:13-32:29
action#android.intent.action.MAIN
ADDED from myApps/ESMERIL/AndroidManifest.xml:29:17-69
	android:name
		ADDED from myApps/ESMERIL/AndroidManifest.xml:29:25-66
category#android.intent.category.LAUNCHER
ADDED from myApps/ESMERIL/AndroidManifest.xml:31:17-77
	android:name
		ADDED from myApps/ESMERIL/AndroidManifest.xml:31:27-74